[debug] [2019-11-05T13:58:15.850Z] ----------------------------------------------------------------------
[debug] [2019-11-05T13:58:15.853Z] Command:       /usr/local/bin/node /usr/local/bin/firebase emulators:start --only functions
[debug] [2019-11-05T13:58:15.854Z] CLI Version:   7.6.2
[debug] [2019-11-05T13:58:15.854Z] Platform:      darwin
[debug] [2019-11-05T13:58:15.854Z] Node Version:  v10.16.0
[debug] [2019-11-05T13:58:15.855Z] Time:          Tue Nov 05 2019 05:58:15 GMT-0800 (Pacific Standard Time)
[debug] [2019-11-05T13:58:15.855Z] ----------------------------------------------------------------------
[debug] [2019-11-05T13:58:15.855Z] 
[info] i  Starting emulators: ["functions"]
[warn] ⚠  Your requested "node" version "8" doesn't match your global version "10"
[info] ✔  functions: Emulator started at http://localhost:5001
[info] i  functions: Watching "/Users/craigrice/webDev/originalRecipe/functions" for Cloud Functions...
[debug] [2019-11-05T13:58:16.216Z] [worker-~diagnostic~-c49eb32b-d77f-4288-b035-53292f02f19c]: BUSY
[debug] [2019-11-05T13:58:16.619Z] [runtime-status] Functions runtime initialized. {"cwd":"/Users/craigrice/webDev/originalRecipe/functions","node_version":"10.16.0"}
[debug] [2019-11-05T13:58:16.621Z] [runtime-status] Disabled runtime features: undefined {}
[debug] [2019-11-05T13:58:16.625Z] [runtime-status] Resolved module firebase-admin {"declared":true,"installed":true,"version":"8.0.0","resolution":"/Users/craigrice/webDev/originalRecipe/functions/node_modules/firebase-admin/lib/index.js"}
[debug] [2019-11-05T13:58:16.627Z] [runtime-status] Resolved module firebase-functions {"declared":true,"installed":true,"version":"3.3.0","resolution":"/Users/craigrice/webDev/originalRecipe/functions/node_modules/firebase-functions/lib/index.js"}
[warn] ⚠  functions: Your GOOGLE_APPLICATION_CREDENTIALS environment variable points to /Users/craigrice/Desktop/staging.json. Non-emulated services will access production using these credentials. Be careful!
[debug] [2019-11-05T13:58:16.980Z] [runtime-status] Found google-gax at /Users/craigrice/webDev/originalRecipe/functions/node_modules/google-gax/build/src/index.js {}
[debug] [2019-11-05T13:58:16.980Z] [runtime-status] Outgoing network have been stubbed. [{"name":"http","status":"mocked"},{"name":"http","status":"mocked"},{"name":"https","status":"mocked"},{"name":"https","status":"mocked"},{"name":"net","status":"mocked"},{"name":"google-gax","status":"mocked"}]
[debug] [2019-11-05T13:58:17.054Z] [runtime-status] Checked functions.config() {"config":{}}
[debug] [2019-11-05T13:58:17.055Z] [runtime-status] Resolved module firebase-functions {"declared":true,"installed":true,"version":"3.3.0","resolution":"/Users/craigrice/webDev/originalRecipe/functions/node_modules/firebase-functions/lib/index.js"}
[debug] [2019-11-05T13:58:17.056Z] [runtime-status] Resolved module firebase-admin {"declared":true,"installed":true,"version":"8.0.0","resolution":"/Users/craigrice/webDev/originalRecipe/functions/node_modules/firebase-admin/lib/index.js"}
[debug] [2019-11-05T13:58:17.056Z] [runtime-status] Resolved module firebase-functions {"declared":true,"installed":true,"version":"3.3.0","resolution":"/Users/craigrice/webDev/originalRecipe/functions/node_modules/firebase-functions/lib/index.js"}
[debug] [2019-11-05T13:58:17.119Z] [runtime-status] firebase-admin has been stubbed. {"adminResolution":{"declared":true,"installed":true,"version":"8.0.0","resolution":"/Users/craigrice/webDev/originalRecipe/functions/node_modules/firebase-admin/lib/index.js"}}
[debug] [2019-11-05T13:58:17.714Z] [runtime-status] config() parent accessed! {"parentKey":"firestore","parentConfig":{}}
[warn] ⚠  Non-existent functions.config() value requested!
   - Path: "firestore.type"
   - Learn more at https://firebase.google.com/docs/functions/local-emulator
[debug] [2019-11-05T13:58:17.714Z] [runtime-status] config() parent accessed! {"parentKey":"firestore","parentConfig":{}}
[warn] ⚠  Non-existent functions.config() value requested!
   - Path: "firestore.project_id"
   - Learn more at https://firebase.google.com/docs/functions/local-emulator
[debug] [2019-11-05T13:58:17.715Z] [runtime-status] config() parent accessed! {"parentKey":"firestore","parentConfig":{}}
[warn] ⚠  Non-existent functions.config() value requested!
   - Path: "firestore.private_key_id"
   - Learn more at https://firebase.google.com/docs/functions/local-emulator
[debug] [2019-11-05T13:58:17.715Z] [runtime-status] config() parent accessed! {"parentKey":"firestore","parentConfig":{}}
[warn] ⚠  Non-existent functions.config() value requested!
   - Path: "firestore.private_key"
   - Learn more at https://firebase.google.com/docs/functions/local-emulator
[warn] ⚠  TypeError: Cannot read property 'replace' of undefined
    at Object.<anonymous> (/Users/craigrice/webDev/originalRecipe/functions/lib/graphql/firestore.js:19:58)
    at Module._compile (internal/modules/cjs/loader.js:776:30)
    at Object.Module._extensions..js (internal/modules/cjs/loader.js:787:10)
    at Module.load (internal/modules/cjs/loader.js:653:32)
    at tryModuleLoad (internal/modules/cjs/loader.js:593:12)
    at Function.Module._load (internal/modules/cjs/loader.js:585:3)
    at Module.require (internal/modules/cjs/loader.js:690:17)
    at require (internal/modules/cjs/helpers.js:25:18)
    at Object.<anonymous> (/Users/craigrice/webDev/originalRecipe/functions/lib/graphql/resolvers.js:6:37)
    at Module._compile (internal/modules/cjs/loader.js:776:30)
[warn] ⚠  We were unable to load your functions code. (see above)
   - It appears your code is written in Typescript, which must be compiled before emulation.
   - You may be able to run "npm run build" in your functions directory to resolve this.
[debug] [2019-11-05T13:58:17.768Z] [worker-~diagnostic~-c49eb32b-d77f-4288-b035-53292f02f19c]: exited
[debug] [2019-11-05T13:58:17.768Z] [worker-~diagnostic~-c49eb32b-d77f-4288-b035-53292f02f19c]: FINISHED
